<?xml version="1.0" encoding="UTF-8"?>
<!-- Generated by org.testng.reporters.JUnitXMLReporter -->
<testsuite ignored="2" hostname="DESKTOP-HN4067J" failures="0" tests="2" name="Test" time="0.094" errors="0" timestamp="2022-01-25T18:20:11 IST">
  <testcase classname="com.crm.comcast.practice.OrgTest" name="orgWithIndustryTest" time="0.009"/>
  <testcase classname="com.crm.comcast.practice.ContactTest" name="executeContactTest" time="0.002"/>
  <testcase classname="com.crm.comcast.practice.OrgTest" name="orgTest" time="0.0">
    <ignored/>
  </testcase> <!-- orgTest -->
  <testcase classname="com.crm.comcast.practice.ContactTest" name="createContact" time="0.0">
    <ignored/>
  </testcase> <!-- createContact -->
</testsuite> <!-- Test -->
